<?xml version="1.0" encoding="UTF-8"?>
<!-- Generated by org.testng.reporters.JUnitReportReporter -->
<testsuite hostname="LAPTOP-2MITM1TO" failures="0" tests="1" name="Admin_Module_Login.DoctorSpecialization" time="24.680" errors="0" timestamp="2024-11-26T09:41:58 IST" skipped="0">
  <testcase classname="Admin_Module_Login.DoctorSpecialization" name="doctorSpecialization" time="24.680"/>
  <system-out/>
</testsuite> <!-- Admin_Module_Login.DoctorSpecialization -->
