<?xml version="1.0" encoding="UTF-8"?>
<!-- Generated by org.testng.reporters.JUnitReportReporter -->
<testsuite hostname="LAPTOP-2MITM1TO" failures="0" tests="1" name="Paitent_Module_Login.PatientLoginTest" time="2.075" errors="0" timestamp="2024-11-26T09:41:58 IST" skipped="0">
  <testcase classname="Paitent_Module_Login.PatientLoginTest" name="userLogin" time="2.075"/>
  <system-out/>
</testsuite> <!-- Paitent_Module_Login.PatientLoginTest -->
