<?xml version="1.0" encoding="UTF-8"?>
<!-- Generated by org.testng.reporters.JUnitReportReporter -->
<testsuite hostname="LAPTOP-2MITM1TO" failures="0" tests="1" name="Admin_Module_Login.CreateDoctorAccountTest" time="16.849" errors="0" timestamp="2024-11-26T09:41:58 IST" skipped="0">
  <testcase classname="Admin_Module_Login.CreateDoctorAccountTest" name="createDoctor" time="16.849"/>
  <system-out/>
</testsuite> <!-- Admin_Module_Login.CreateDoctorAccountTest -->
