<?xml version="1.0" encoding="UTF-8"?>
<!-- Generated by org.testng.reporters.JUnitReportReporter -->
<testsuite hostname="LAPTOP-2MITM1TO" failures="0" tests="1" name="Admin_Module_Login.CreateDoctorAccountTest" time="18.688" errors="0" timestamp="2024-11-26T18:21:20 IST" skipped="0">
  <testcase classname="Admin_Module_Login.CreateDoctorAccountTest" name="createDoctor" time="18.688"/>
  <system-out/>
</testsuite> <!-- Admin_Module_Login.CreateDoctorAccountTest -->
