<?xml version="1.0" encoding="UTF-8"?>
<!-- Generated by org.testng.reporters.JUnitReportReporter -->
<testsuite hostname="LAPTOP-2MITM1TO" failures="0" tests="1" name="Doctor_Module_.AddPatientTest" time="13.755" errors="0" timestamp="2024-11-26T09:41:58 IST" skipped="0">
  <testcase classname="Doctor_Module_.AddPatientTest" name="addPatient" time="13.755"/>
  <system-out/>
</testsuite> <!-- Doctor_Module_.AddPatientTest -->
