<?xml version="1.0" encoding="UTF-8"?>
<!-- Generated by org.testng.reporters.JUnitReportReporter -->
<testsuite hostname="LAPTOP-2MITM1TO" failures="0" tests="1" name="Admin_Module_Login.AdminLoginTest" time="8.011" errors="0" timestamp="2024-11-26T17:37:54 IST" skipped="0">
  <testcase classname="Admin_Module_Login.AdminLoginTest" name="adminLogin" time="8.011"/>
  <system-out/>
</testsuite> <!-- Admin_Module_Login.AdminLoginTest -->
